I:\COCOS2D-2.0-X-2.0.4\RELEASE.WIN32\TOMANDJERRY.WIN32.EXE
I:\COCOS2D-2.0-X-2.0.4\TOMANDJERRY\PROJ.WIN32\RELEASE.WIN32\APPDELEGATE.OBJ
I:\cocos2d-2.0-x-2.0.4\TomAndJerry\proj.win32\Release.win32\cl.command.1.tlog
I:\cocos2d-2.0-x-2.0.4\TomAndJerry\proj.win32\Release.win32\CL.read.1.tlog
I:\cocos2d-2.0-x-2.0.4\TomAndJerry\proj.win32\Release.win32\CL.write.1.tlog
I:\COCOS2D-2.0-X-2.0.4\TOMANDJERRY\PROJ.WIN32\RELEASE.WIN32\HELLOWORLDSCENE.OBJ
I:\cocos2d-2.0-x-2.0.4\TomAndJerry\proj.win32\Release.win32\link.command.1.tlog
I:\cocos2d-2.0-x-2.0.4\TomAndJerry\proj.win32\Release.win32\link.read.1.tlog
I:\cocos2d-2.0-x-2.0.4\TomAndJerry\proj.win32\Release.win32\link.write.1.tlog
I:\cocos2d-2.0-x-2.0.4\TomAndJerry\proj.win32\Release.win32\link-cvtres.read.1.tlog
I:\cocos2d-2.0-x-2.0.4\TomAndJerry\proj.win32\Release.win32\link-cvtres.write.1.tlog
I:\COCOS2D-2.0-X-2.0.4\TOMANDJERRY\PROJ.WIN32\RELEASE.WIN32\MAIN.OBJ
I:\cocos2d-2.0-x-2.0.4\TomAndJerry\proj.win32\Release.win32\mt.command.1.tlog
I:\cocos2d-2.0-x-2.0.4\TomAndJerry\proj.win32\Release.win32\mt.read.1.tlog
I:\cocos2d-2.0-x-2.0.4\TomAndJerry\proj.win32\Release.win32\mt.write.1.tlog
I:\cocos2d-2.0-x-2.0.4\TomAndJerry\proj.win32\Release.win32\rc.command.1.tlog
I:\cocos2d-2.0-x-2.0.4\TomAndJerry\proj.win32\Release.win32\rc.read.1.tlog
I:\cocos2d-2.0-x-2.0.4\TomAndJerry\proj.win32\Release.win32\rc.write.1.tlog
I:\cocos2d-2.0-x-2.0.4\TomAndJerry\proj.win32\Release.win32\StartMenu.obj
I:\COCOS2D-2.0-X-2.0.4\TOMANDJERRY\PROJ.WIN32\RELEASE.WIN32\TOMANDJERRY.RES
I:\COCOS2D-2.0-X-2.0.4\TOMANDJERRY\PROJ.WIN32\RELEASE.WIN32\TOMANDJERRY.WIN32.EXE.INTERMEDIATE.MANIFEST
I:\cocos2d-2.0-x-2.0.4\TomAndJerry\proj.win32\Release.win32\TomAndJerry.win32.vcxprojResolveAssemblyReference.cache
I:\cocos2d-2.0-x-2.0.4\TomAndJerry\proj.win32\Release.win32\TomAndJerry.win32.write.1.tlog
